<idea-plugin>
  <extensions defaultExtensionNs="com.intellij">
    <!-- <junitListener implementation="se.de.hu_berlin.informatik.vtdbg.coverage.MyIDEAJUnitCoverageListener"/> -->
  </extensions>
</idea-plugin>
